[2024-12-23 15:09:00] local.ERROR: The "--columns" option does not exist. {"exception":"[object] (Symfony\\Component\\Console\\Exception\\RuntimeException(code: 0): The \"--columns\" option does not exist. at C:\\Projects\\auto-Laravel\\MaitriseEloquentORM-Avance\\Prototype4\\vendor\\symfony\\console\\Input\\ArgvInput.php:226)
[stacktrace]
#0 C:\\Projects\\auto-Laravel\\MaitriseEloquentORM-Avance\\Prototype4\\vendor\\symfony\\console\\Input\\ArgvInput.php(153): Symfony\\Component\\Console\\Input\\ArgvInput->addLongOption()
#1 C:\\Projects\\auto-Laravel\\MaitriseEloquentORM-Avance\\Prototype4\\vendor\\symfony\\console\\Input\\ArgvInput.php(88): Symfony\\Component\\Console\\Input\\ArgvInput->parseLongOption()
#2 C:\\Projects\\auto-Laravel\\MaitriseEloquentORM-Avance\\Prototype4\\vendor\\symfony\\console\\Input\\ArgvInput.php(77): Symfony\\Component\\Console\\Input\\ArgvInput->parseToken()
#3 C:\\Projects\\auto-Laravel\\MaitriseEloquentORM-Avance\\Prototype4\\vendor\\symfony\\console\\Input\\Input.php(53): Symfony\\Component\\Console\\Input\\ArgvInput->parse()
#4 C:\\Projects\\auto-Laravel\\MaitriseEloquentORM-Avance\\Prototype4\\vendor\\symfony\\console\\Command\\Command.php(238): Symfony\\Component\\Console\\Input\\Input->bind()
#5 C:\\Projects\\auto-Laravel\\MaitriseEloquentORM-Avance\\Prototype4\\vendor\\laravel\\framework\\src\\Illuminate\\Console\\Command.php(182): Symfony\\Component\\Console\\Command\\Command->run()
#6 C:\\Projects\\auto-Laravel\\MaitriseEloquentORM-Avance\\Prototype4\\vendor\\symfony\\console\\Application.php(1094): Illuminate\\Console\\Command->run()
#7 C:\\Projects\\auto-Laravel\\MaitriseEloquentORM-Avance\\Prototype4\\vendor\\symfony\\console\\Application.php(342): Symfony\\Component\\Console\\Application->doRunCommand()
#8 C:\\Projects\\auto-Laravel\\MaitriseEloquentORM-Avance\\Prototype4\\vendor\\symfony\\console\\Application.php(193): Symfony\\Component\\Console\\Application->doRun()
#9 C:\\Projects\\auto-Laravel\\MaitriseEloquentORM-Avance\\Prototype4\\vendor\\laravel\\framework\\src\\Illuminate\\Foundation\\Console\\Kernel.php(198): Symfony\\Component\\Console\\Application->run()
#10 C:\\Projects\\auto-Laravel\\MaitriseEloquentORM-Avance\\Prototype4\\vendor\\laravel\\framework\\src\\Illuminate\\Foundation\\Application.php(1205): Illuminate\\Foundation\\Console\\Kernel->handle()
#11 C:\\Projects\\auto-Laravel\\MaitriseEloquentORM-Avance\\Prototype4\\artisan(13): Illuminate\\Foundation\\Application->handleCommand()
#12 {main}
"} 
[2024-12-23 15:09:04] local.ERROR: The "--columns" option does not exist. {"exception":"[object] (Symfony\\Component\\Console\\Exception\\RuntimeException(code: 0): The \"--columns\" option does not exist. at C:\\Projects\\auto-Laravel\\MaitriseEloquentORM-Avance\\Prototype4\\vendor\\symfony\\console\\Input\\ArgvInput.php:226)
[stacktrace]
#0 C:\\Projects\\auto-Laravel\\MaitriseEloquentORM-Avance\\Prototype4\\vendor\\symfony\\console\\Input\\ArgvInput.php(153): Symfony\\Component\\Console\\Input\\ArgvInput->addLongOption()
#1 C:\\Projects\\auto-Laravel\\MaitriseEloquentORM-Avance\\Prototype4\\vendor\\symfony\\console\\Input\\ArgvInput.php(88): Symfony\\Component\\Console\\Input\\ArgvInput->parseLongOption()
#2 C:\\Projects\\auto-Laravel\\MaitriseEloquentORM-Avance\\Prototype4\\vendor\\symfony\\console\\Input\\ArgvInput.php(77): Symfony\\Component\\Console\\Input\\ArgvInput->parseToken()
#3 C:\\Projects\\auto-Laravel\\MaitriseEloquentORM-Avance\\Prototype4\\vendor\\symfony\\console\\Input\\Input.php(53): Symfony\\Component\\Console\\Input\\ArgvInput->parse()
#4 C:\\Projects\\auto-Laravel\\MaitriseEloquentORM-Avance\\Prototype4\\vendor\\symfony\\console\\Command\\Command.php(238): Symfony\\Component\\Console\\Input\\Input->bind()
#5 C:\\Projects\\auto-Laravel\\MaitriseEloquentORM-Avance\\Prototype4\\vendor\\laravel\\framework\\src\\Illuminate\\Console\\Command.php(182): Symfony\\Component\\Console\\Command\\Command->run()
#6 C:\\Projects\\auto-Laravel\\MaitriseEloquentORM-Avance\\Prototype4\\vendor\\symfony\\console\\Application.php(1094): Illuminate\\Console\\Command->run()
#7 C:\\Projects\\auto-Laravel\\MaitriseEloquentORM-Avance\\Prototype4\\vendor\\symfony\\console\\Application.php(342): Symfony\\Component\\Console\\Application->doRunCommand()
#8 C:\\Projects\\auto-Laravel\\MaitriseEloquentORM-Avance\\Prototype4\\vendor\\symfony\\console\\Application.php(193): Symfony\\Component\\Console\\Application->doRun()
#9 C:\\Projects\\auto-Laravel\\MaitriseEloquentORM-Avance\\Prototype4\\vendor\\laravel\\framework\\src\\Illuminate\\Foundation\\Console\\Kernel.php(198): Symfony\\Component\\Console\\Application->run()
#10 C:\\Projects\\auto-Laravel\\MaitriseEloquentORM-Avance\\Prototype4\\vendor\\laravel\\framework\\src\\Illuminate\\Foundation\\Application.php(1205): Illuminate\\Foundation\\Console\\Kernel->handle()
#11 C:\\Projects\\auto-Laravel\\MaitriseEloquentORM-Avance\\Prototype4\\artisan(13): Illuminate\\Foundation\\Application->handleCommand()
#12 {main}
"} 
[2024-12-23 15:09:08] local.ERROR: The "--columns" option does not exist. {"exception":"[object] (Symfony\\Component\\Console\\Exception\\RuntimeException(code: 0): The \"--columns\" option does not exist. at C:\\Projects\\auto-Laravel\\MaitriseEloquentORM-Avance\\Prototype4\\vendor\\symfony\\console\\Input\\ArgvInput.php:226)
[stacktrace]
#0 C:\\Projects\\auto-Laravel\\MaitriseEloquentORM-Avance\\Prototype4\\vendor\\symfony\\console\\Input\\ArgvInput.php(153): Symfony\\Component\\Console\\Input\\ArgvInput->addLongOption()
#1 C:\\Projects\\auto-Laravel\\MaitriseEloquentORM-Avance\\Prototype4\\vendor\\symfony\\console\\Input\\ArgvInput.php(88): Symfony\\Component\\Console\\Input\\ArgvInput->parseLongOption()
#2 C:\\Projects\\auto-Laravel\\MaitriseEloquentORM-Avance\\Prototype4\\vendor\\symfony\\console\\Input\\ArgvInput.php(77): Symfony\\Component\\Console\\Input\\ArgvInput->parseToken()
#3 C:\\Projects\\auto-Laravel\\MaitriseEloquentORM-Avance\\Prototype4\\vendor\\symfony\\console\\Input\\Input.php(53): Symfony\\Component\\Console\\Input\\ArgvInput->parse()
#4 C:\\Projects\\auto-Laravel\\MaitriseEloquentORM-Avance\\Prototype4\\vendor\\symfony\\console\\Command\\Command.php(238): Symfony\\Component\\Console\\Input\\Input->bind()
#5 C:\\Projects\\auto-Laravel\\MaitriseEloquentORM-Avance\\Prototype4\\vendor\\laravel\\framework\\src\\Illuminate\\Console\\Command.php(182): Symfony\\Component\\Console\\Command\\Command->run()
#6 C:\\Projects\\auto-Laravel\\MaitriseEloquentORM-Avance\\Prototype4\\vendor\\symfony\\console\\Application.php(1094): Illuminate\\Console\\Command->run()
#7 C:\\Projects\\auto-Laravel\\MaitriseEloquentORM-Avance\\Prototype4\\vendor\\symfony\\console\\Application.php(342): Symfony\\Component\\Console\\Application->doRunCommand()
#8 C:\\Projects\\auto-Laravel\\MaitriseEloquentORM-Avance\\Prototype4\\vendor\\symfony\\console\\Application.php(193): Symfony\\Component\\Console\\Application->doRun()
#9 C:\\Projects\\auto-Laravel\\MaitriseEloquentORM-Avance\\Prototype4\\vendor\\laravel\\framework\\src\\Illuminate\\Foundation\\Console\\Kernel.php(198): Symfony\\Component\\Console\\Application->run()
#10 C:\\Projects\\auto-Laravel\\MaitriseEloquentORM-Avance\\Prototype4\\vendor\\laravel\\framework\\src\\Illuminate\\Foundation\\Application.php(1205): Illuminate\\Foundation\\Console\\Kernel->handle()
#11 C:\\Projects\\auto-Laravel\\MaitriseEloquentORM-Avance\\Prototype4\\artisan(13): Illuminate\\Foundation\\Application->handleCommand()
#12 {main}
"} 
